# JRE version: Java(TM) SE Runtime Environment (8.0_73-b02) (build 1.8.0_73-b02)
# Java VM: Java HotSpot(TM) 64-Bit Server VM (25.73-b02 mixed mode windows-amd64 compressed oops)
Heap:
 PSYoungGen      total 406528K, used 198542K [0x00000000d5d80000, 0x00000000f0080000, 0x0000000100000000)
  eden space 385024K, 51% used [0x00000000d5d80000,0x00000000e1f63a78,0x00000000ed580000)
  from space 21504K, 0% used [0x00000000eeb80000,0x00000000eeb80000,0x00000000f0080000)
  to   space 22016K, 0% used [0x00000000ed580000,0x00000000ed580000,0x00000000eeb00000)
 ParOldGen       total 140800K, used 41939K [0x0000000081800000, 0x000000008a180000, 0x00000000d5d80000)
  object space 140800K, 29% used [0x0000000081800000,0x00000000840f4fe0,0x000000008a180000)
 Metaspace       used 66713K, capacity 67716K, committed 67840K, reserved 1107968K
  class space    used 8358K, capacity 8608K, committed 8704K, reserved 1048576K
GC Heap History (10 events):
Event: 26.961 GC heap before
{Heap before GC invocations=14 (full 2):
 PSYoungGen      total 276992K, used 177776K [0x00000000d5d80000, 0x00000000ebe80000, 0x0000000100000000)
  eden space 258048K, 61% used [0x00000000d5d80000,0x00000000df8a2c58,0x00000000e5980000)
  from space 18944K, 99% used [0x00000000e5980000,0x00000000e6bf9478,0x00000000e6c00000)
  to   space 22528K, 0% used [0x00000000ea880000,0x00000000ea880000,0x00000000ebe80000)
 ParOldGen       total 92672K, used 28852K [0x0000000081800000, 0x0000000087280000, 0x00000000d5d80000)
  object space 92672K, 31% used [0x0000000081800000,0x000000008342d168,0x0000000087280000)
 Metaspace       used 58223K, capacity 58934K, committed 59096K, reserved 1101824K
  class space    used 7286K, capacity 7471K, committed 7552K, reserved 1048576K
Event: 26.996 GC heap after
Heap after GC invocations=14 (full 2):
 PSYoungGen      total 339456K, used 7849K [0x00000000d5d80000, 0x00000000ebe80000, 0x0000000100000000)
  eden space 316928K, 0% used [0x00000000d5d80000,0x00000000d5d80000,0x00000000e9300000)
  from space 22528K, 34% used [0x00000000ea880000,0x00000000eb02a6e8,0x00000000ebe80000)
  to   space 22016K, 0% used [0x00000000e9300000,0x00000000e9300000,0x00000000ea880000)
 ParOldGen       total 92672K, used 46768K [0x0000000081800000, 0x0000000087280000, 0x00000000d5d80000)
  object space 92672K, 50% used [0x0000000081800000,0x00000000845ac258,0x0000000087280000)
 Metaspace       used 58223K, capacity 58934K, committed 59096K, reserved 1101824K
  class space    used 7286K, capacity 7471K, committed 7552K, reserved 1048576K
}
Event: 26.996 GC heap before
{Heap before GC invocations=15 (full 3):
 PSYoungGen      total 339456K, used 7849K [0x00000000d5d80000, 0x00000000ebe80000, 0x0000000100000000)
  eden space 316928K, 0% used [0x00000000d5d80000,0x00000000d5d80000,0x00000000e9300000)
  from space 22528K, 34% used [0x00000000ea880000,0x00000000eb02a6e8,0x00000000ebe80000)
  to   space 22016K, 0% used [0x00000000e9300000,0x00000000e9300000,0x00000000ea880000)
 ParOldGen       total 92672K, used 46768K [0x0000000081800000, 0x0000000087280000, 0x00000000d5d80000)
  object space 92672K, 50% used [0x0000000081800000,0x00000000845ac258,0x0000000087280000)
 Metaspace       used 58223K, capacity 58934K, committed 59096K, reserved 1101824K
  class space    used 7286K, capacity 7471K, committed 7552K, reserved 1048576K
Event: 27.352 GC heap after
Heap after GC invocations=15 (full 3):
 PSYoungGen      total 339456K, used 0K [0x00000000d5d80000, 0x00000000ebe80000, 0x0000000100000000)
  eden space 316928K, 0% used [0x00000000d5d80000,0x00000000d5d80000,0x00000000e9300000)
  from space 22528K, 0% used [0x00000000ea880000,0x00000000ea880000,0x00000000ebe80000)
  to   space 22016K, 0% used [0x00000000e9300000,0x00000000e9300000,0x00000000ea880000)
 ParOldGen       total 140800K, used 46717K [0x0000000081800000, 0x000000008a180000, 0x00000000d5d80000)
  object space 140800K, 33% used [0x0000000081800000,0x000000008459f528,0x000000008a180000)
 Metaspace       used 58155K, capacity 58826K, committed 59096K, reserved 1101824K
  class space    used 7276K, capacity 7453K, committed 7552K, reserved 1048576K
}
Event: 34.701 GC heap before
{Heap before GC invocations=16 (full 3):
 PSYoungGen      total 339456K, used 316928K [0x00000000d5d80000, 0x00000000ebe80000, 0x0000000100000000)
  eden space 316928K, 100% used [0x00000000d5d80000,0x00000000e9300000,0x00000000e9300000)
  from space 22528K, 0% used [0x00000000ea880000,0x00000000ea880000,0x00000000ebe80000)
  to   space 22016K, 0% used [0x00000000e9300000,0x00000000e9300000,0x00000000ea880000)
 ParOldGen       total 140800K, used 46717K [0x0000000081800000, 0x000000008a180000, 0x00000000d5d80000)
  object space 140800K, 33% used [0x0000000081800000,0x000000008459f528,0x000000008a180000)
 Metaspace       used 65241K, capacity 66028K, committed 66432K, reserved 1107968K
  class space    used 8235K, capacity 8455K, committed 8576K, reserved 1048576K
Event: 34.718 GC heap after
Heap after GC invocations=16 (full 3):
 PSYoungGen      total 338944K, used 14977K [0x00000000d5d80000, 0x00000000f0180000, 0x0000000100000000)
  eden space 316928K, 0% used [0x00000000d5d80000,0x00000000d5d80000,0x00000000e9300000)
  from space 22016K, 68% used [0x00000000e9300000,0x00000000ea1a0670,0x00000000ea880000)
  to   space 22528K, 0% used [0x00000000eeb80000,0x00000000eeb80000,0x00000000f0180000)
 ParOldGen       total 140800K, used 46725K [0x0000000081800000, 0x000000008a180000, 0x00000000d5d80000)
  object space 140800K, 33% used [0x0000000081800000,0x00000000845a1528,0x000000008a180000)
 Metaspace       used 65241K, capacity 66028K, committed 66432K, reserved 1107968K
  class space    used 8235K, capacity 8455K, committed 8576K, reserved 1048576K
}
Event: 139.767 GC heap before
{Heap before GC invocations=17 (full 3):
 PSYoungGen      total 338944K, used 267927K [0x00000000d5d80000, 0x00000000f0180000, 0x0000000100000000)
  eden space 316928K, 79% used [0x00000000d5d80000,0x00000000e5485768,0x00000000e9300000)
  from space 22016K, 68% used [0x00000000e9300000,0x00000000ea1a0670,0x00000000ea880000)
  to   space 22528K, 0% used [0x00000000eeb80000,0x00000000eeb80000,0x00000000f0180000)
 ParOldGen       total 140800K, used 46725K [0x0000000081800000, 0x000000008a180000, 0x00000000d5d80000)
  object space 140800K, 33% used [0x0000000081800000,0x00000000845a1528,0x000000008a180000)
 Metaspace       used 66074K, capacity 66968K, committed 67200K, reserved 1107968K
  class space    used 8280K, capacity 8522K, committed 8576K, reserved 1048576K
Event: 139.776 GC heap after
Heap after GC invocations=17 (full 3):
 PSYoungGen      total 406528K, used 7952K [0x00000000d5d80000, 0x00000000f0080000, 0x0000000100000000)
  eden space 385024K, 0% used [0x00000000d5d80000,0x00000000d5d80000,0x00000000ed580000)
  from space 21504K, 36% used [0x00000000eeb80000,0x00000000ef3442a0,0x00000000f0080000)
  to   space 22016K, 0% used [0x00000000ed580000,0x00000000ed580000,0x00000000eeb00000)
 ParOldGen       total 140800K, used 46733K [0x0000000081800000, 0x000000008a180000, 0x00000000d5d80000)
  object space 140800K, 33% used [0x0000000081800000,0x00000000845a3528,0x000000008a180000)
 Metaspace       used 66074K, capacity 66968K, committed 67200K, reserved 1107968K
  class space    used 8280K, capacity 8522K, committed 8576K, reserved 1048576K
}
Event: 139.776 GC heap before
{Heap before GC invocations=18 (full 4):
 PSYoungGen      total 406528K, used 7952K [0x00000000d5d80000, 0x00000000f0080000, 0x0000000100000000)
  eden space 385024K, 0% used [0x00000000d5d80000,0x00000000d5d80000,0x00000000ed580000)
  from space 21504K, 36% used [0x00000000eeb80000,0x00000000ef3442a0,0x00000000f0080000)
  to   space 22016K, 0% used [0x00000000ed580000,0x00000000ed580000,0x00000000eeb00000)
 ParOldGen       total 140800K, used 46733K [0x0000000081800000, 0x000000008a180000, 0x00000000d5d80000)
  object space 140800K, 33% used [0x0000000081800000,0x00000000845a3528,0x000000008a180000)
 Metaspace       used 66074K, capacity 66968K, committed 67200K, reserved 1107968K
  class space    used 8280K, capacity 8522K, committed 8576K, reserved 1048576K
Event: 140.106 GC heap after
Heap after GC invocations=18 (full 4):
 PSYoungGen      total 406528K, used 0K [0x00000000d5d80000, 0x00000000f0080000, 0x0000000100000000)
  eden space 385024K, 0% used [0x00000000d5d80000,0x00000000d5d80000,0x00000000ed580000)
  from space 21504K, 0% used [0x00000000eeb80000,0x00000000eeb80000,0x00000000f0080000)
  to   space 22016K, 0% used [0x00000000ed580000,0x00000000ed580000,0x00000000eeb00000)
 ParOldGen       total 140800K, used 41939K [0x0000000081800000, 0x000000008a180000, 0x00000000d5d80000)
  object space 140800K, 29% used [0x0000000081800000,0x00000000840f4fe0,0x000000008a180000)
 Metaspace       used 66074K, capacity 66968K, committed 67200K, reserved 1107968K
  class space    used 8280K, capacity 8522K, committed 8576K, reserved 1048576K
}

